android/app/build/intermediates/manifest_merge_blame_file/release/manifest-merger-blame-release-report.txt
1<?xml version="1.0" encoding="utf-8"?>
2<manifest xmlns:android="http://schemas.android.com/apk/res/android"
3    package="com.musicplayer"
4    android:versionCode="1"
5    android:versionName="1.0" >
6
7    <uses-sdk
8        android:minSdkVersion="21"
8-->src/main/AndroidManifest.xml
9        android:targetSdkVersion="30" />
9-->src/main/AndroidManifest.xml
10
11    <uses-permission android:name="android.permission.INTERNET" />
11-->src/main/AndroidManifest.xml:4:5-67
11-->src/main/AndroidManifest.xml:4:22-64
12    <uses-permission android:name="android.permission.READ_EXTERNAL_STORAGE" />
12-->src/main/AndroidManifest.xml:5:5-80
12-->src/main/AndroidManifest.xml:5:22-77
13    <uses-permission android:name="android.permission.WRITE_EXTERNAL_STORAGE" />
13-->src/main/AndroidManifest.xml:6:5-81
13-->src/main/AndroidManifest.xml:6:22-78
14    <uses-permission android:name="android.permission.DOWNLOAD_WITHOUT_NOTIFICATION" />
14-->src/main/AndroidManifest.xml:7:5-88
14-->src/main/AndroidManifest.xml:7:22-85
15    <uses-permission android:name="android.permission.ACCESS_NETWORK_STATE" />
15-->src/main/AndroidManifest.xml:8:5-79
15-->src/main/AndroidManifest.xml:8:22-76
16    <!-- dooboolab -->
17    <uses-permission android:name="android.permission.RECORD_AUDIO" />
17-->[:react-native-audio-recorder-player] AndroidManifest.xml:9:5-71
17-->[:react-native-audio-recorder-player] AndroidManifest.xml:9:22-68
18    <uses-permission android:name="android.permission.WAKE_LOCK" />
18-->[:react-native-background-timer] AndroidManifest.xml:9:5-68
18-->[:react-native-background-timer] AndroidManifest.xml:9:22-65
19    <uses-permission android:name="android.permission.FOREGROUND_SERVICE" /> <!-- Required to access Google Play Licensing -->
19-->[:react-native-track-player] AndroidManifest.xml:10:5-77
19-->[:react-native-track-player] AndroidManifest.xml:10:22-74
20    <uses-permission android:name="com.android.vending.CHECK_LICENSE" /> <!-- Required to check whether Wi-Fi is enabled -->
20-->[:rn-fetch-blob] AndroidManifest.xml:10:5-73
20-->[:rn-fetch-blob] AndroidManifest.xml:10:22-70
21    <uses-permission android:name="android.permission.ACCESS_WIFI_STATE" />
21-->[:rn-fetch-blob] AndroidManifest.xml:28:5-76
21-->[:rn-fetch-blob] AndroidManifest.xml:28:22-73
22
23    <application
23-->src/main/AndroidManifest.xml:10:5-29:19
24        android:name="com.musicplayer.MainApplication"
24-->src/main/AndroidManifest.xml:11:7-38
25        android:allowBackup="false"
25-->src/main/AndroidManifest.xml:15:7-34
26        android:appComponentFactory="androidx.core.app.CoreComponentFactory"
26-->[androidx.core:core:1.3.0-rc01] AndroidManifest.xml:24:18-86
27        android:icon="@mipmap/ic_launcher"
27-->src/main/AndroidManifest.xml:13:7-41
28        android:label="@string/app_name"
28-->src/main/AndroidManifest.xml:12:7-39
29        android:roundIcon="@mipmap/ic_launcher_round"
29-->src/main/AndroidManifest.xml:14:7-52
30        android:testOnly="true"
31        android:theme="@style/AppTheme" >
31-->src/main/AndroidManifest.xml:16:7-38
32        <activity
32-->src/main/AndroidManifest.xml:17:7-28:18
33            android:name="com.musicplayer.MainActivity"
33-->src/main/AndroidManifest.xml:18:9-37
34            android:configChanges="keyboard|keyboardHidden|orientation|screenSize|uiMode"
34-->src/main/AndroidManifest.xml:20:9-86
35            android:label="@string/app_name"
35-->src/main/AndroidManifest.xml:19:9-41
36            android:launchMode="singleTask"
36-->src/main/AndroidManifest.xml:21:9-40
37            android:windowSoftInputMode="adjustResize" >
37-->src/main/AndroidManifest.xml:22:9-51
38            <intent-filter>
38-->src/main/AndroidManifest.xml:23:9-27:25
39                <action android:name="android.intent.action.MAIN" />
39-->src/main/AndroidManifest.xml:24:13-65
39-->src/main/AndroidManifest.xml:24:21-62
40
41                <category android:name="android.intent.category.LAUNCHER" />
41-->src/main/AndroidManifest.xml:25:13-73
41-->src/main/AndroidManifest.xml:25:23-70
42
43                <action android:name="android.intent.action.DOWNLOAD_COMPLETE" />
43-->src/main/AndroidManifest.xml:26:13-77
43-->src/main/AndroidManifest.xml:26:21-75
44            </intent-filter>
45        </activity>
46        <!-- The main service, handles playback, playlists and media buttons -->
47        <service
47-->[:react-native-track-player] AndroidManifest.xml:15:9-22:19
48            android:name="com.guichaguri.trackplayer.service.MusicService"
48-->[:react-native-track-player] AndroidManifest.xml:16:13-75
49            android:enabled="true"
49-->[:react-native-track-player] AndroidManifest.xml:17:13-35
50            android:exported="true" >
50-->[:react-native-track-player] AndroidManifest.xml:18:13-36
51            <intent-filter>
51-->[:react-native-track-player] AndroidManifest.xml:19:13-21:29
52                <action android:name="android.intent.action.MEDIA_BUTTON" />
52-->[:react-native-track-player] AndroidManifest.xml:20:17-77
52-->[:react-native-track-player] AndroidManifest.xml:20:25-74
53            </intent-filter>
54        </service> <!-- A receiver that will receive media buttons. Required on pre-lollipop devices -->
55        <receiver android:name="androidx.media.session.MediaButtonReceiver" >
55-->[:react-native-track-player] AndroidManifest.xml:25:9-29:20
55-->[:react-native-track-player] AndroidManifest.xml:25:19-76
56            <intent-filter>
56-->[:react-native-track-player] AndroidManifest.xml:19:13-21:29
57                <action android:name="android.intent.action.MEDIA_BUTTON" />
57-->[:react-native-track-player] AndroidManifest.xml:20:17-77
57-->[:react-native-track-player] AndroidManifest.xml:20:25-74
58            </intent-filter>
59        </receiver>
60
61        <provider
61-->[:rn-fetch-blob] AndroidManifest.xml:34:9-42:20
62            android:name="com.RNFetchBlob.Utils.FileProvider"
62-->[:rn-fetch-blob] AndroidManifest.xml:35:13-62
63            android:authorities="com.musicplayer.provider"
63-->[:rn-fetch-blob] AndroidManifest.xml:36:13-60
64            android:exported="false"
64-->[:rn-fetch-blob] AndroidManifest.xml:37:13-37
65            android:grantUriPermissions="true" >
65-->[:rn-fetch-blob] AndroidManifest.xml:38:13-47
66            <meta-data
66-->[:rn-fetch-blob] AndroidManifest.xml:39:13-41:58
67                android:name="android.support.FILE_PROVIDER_PATHS"
67-->[:rn-fetch-blob] AndroidManifest.xml:40:17-67
68                android:resource="@xml/provider_paths" />
68-->[:rn-fetch-blob] AndroidManifest.xml:41:17-55
69        </provider>
70    </application>
71
72</manifest>